#! c:/iverilog-x86/bin/vvp
:ivl_version "10.0 (stable)" "(v10_0)";
:ivl_delay_selection "TYPICAL";
:vpi_time_precision - 12;
:vpi_module "system";
:vpi_module "vhdl_sys";
:vpi_module "v2005_math";
:vpi_module "va_math";
S_003ed6a8 .scope module, "spi_testbench" "spi_testbench" 2 3;
 .timescale -9 -12;
v00bc3200_0 .var "clock", 0 0;
RS_00ba4084 .resolv tri, L_00bfb9a0, L_00bfbad0;
v00bc3258_0 .net8 "cs", 0 0, RS_00ba4084;  2 drivers
o00ba40b4 .functor BUFZ 1, C4<z>; HiZ drive
v00bc32b0_0 .net "miso", 0 0, o00ba40b4;  0 drivers
RS_00ba40cc .resolv tri, v00bc25c8_0, L_00bfba20;
v00bc3358_0 .net8 "mosi", 0 0, RS_00ba40cc;  2 drivers
v00bc33e8_0 .var "reset", 0 0;
S_003ed778 .scope module, "spi_m" "spi_module" 2 32, 3 2 0, S_003ed6a8;
 .timescale 0 0;
    .port_info 0 /INPUT 1 "sck"
    .port_info 1 /INOUT 1 "cs"
    .port_info 2 /INOUT 1 "mosi"
    .port_info 3 /INOUT 1 "miso"
    .port_info 4 /INPUT 1 "p_master"
    .port_info 5 /INPUT 8 "p_data_in"
    .port_info 6 /OUTPUT 8 "p_data_out"
L_00bc2e20 .functor BUFZ 8, v00bc2430_0, C4<00000000>, C4<00000000>, C4<00000000>;
L_00beb5c8 .functor AND 1, RS_00ba4084, L_00beb570, C4<1>, C4<1>;
L_00bfb9a0 .functor BUFT 1, L_00beb4e0, C4<0>, C4<0>, C4<0>;
v003e9420_0 .net *"_s11", 0 0, L_00beb4e0;  1 drivers
v003e76d8_0 .net *"_s22", 0 0, L_00beb570;  1 drivers
v00ba3960_0 .net *"_s23", 0 0, L_00beb5c8;  1 drivers
L_00bc3448 .functor BUFT 1, C4<0000>, C4<0>, C4<0>, C4<0>;
v003ea390_0 .net/2u *"_s6", 3 0, L_00bc3448;  1 drivers
v00bc2340_0 .net *"_s8", 0 0, L_00beb450;  1 drivers
v00bc23c0_0 .net8 "cs", 0 0, RS_00ba4084;  alias, 2 drivers
v00bc2430_0 .var "data", 7 0;
v00bc24a0_0 .net "miso", 0 0, o00ba40b4;  alias, 0 drivers
v00bc2510_0 .net8 "mosi", 0 0, RS_00ba40cc;  alias, 2 drivers
v00bc25c8_0 .var "out", 0 0;
L_00bc3498 .functor BUFT 1, C4<11101001>, C4<0>, C4<0>, C4<0>;
v00bc2638_0 .net "p_data_in", 7 0, L_00bc3498;  1 drivers
v00bc26a8_0 .net "p_data_out", 7 0, L_00bc2e20;  1 drivers
L_00bc3470 .functor BUFT 1, C4<1>, C4<0>, C4<0>, C4<0>;
v00bc2718_0 .net "p_master", 0 0, L_00bc3470;  1 drivers
v00bc2788_0 .var "ptr", 3 0;
v00bc27f8_0 .net "sck", 0 0, v00bc3200_0;  1 drivers
E_003ea978 .event negedge, L_00beb5c8;
E_003ec0e8 .event posedge, v00bc27f8_0;
E_003ec110 .event negedge, v00bc27f8_0;
L_00beb450 .cmp/eq 4, v00bc2788_0, L_00bc3448;
L_00beb4e0 .reduce/nor L_00beb450;
L_00beb570 .reduce/nor L_00bc3470;
S_00bc2910 .scope module, "spi_s" "spi_module" 2 33, 3 2 0, S_003ed6a8;
 .timescale 0 0;
    .port_info 0 /INPUT 1 "sck"
    .port_info 1 /INOUT 1 "cs"
    .port_info 2 /INOUT 1 "mosi"
    .port_info 3 /INOUT 1 "miso"
    .port_info 4 /INPUT 1 "p_master"
    .port_info 5 /INPUT 8 "p_data_in"
    .port_info 6 /OUTPUT 8 "p_data_out"
L_00bfb688 .functor BUFZ 8, v00bc2dc8_0, C4<00000000>, C4<00000000>, C4<00000000>;
L_00bfb848 .functor AND 1, RS_00ba4084, L_00bfb7f0, C4<1>, C4<1>;
o00ba421c .functor BUFZ 1, C4<z>; HiZ drive
L_00bfba20 .functor BUFT 1, o00ba421c, C4<0>, C4<0>, C4<0>;
o00ba424c .functor BUFZ 1, C4<z>; HiZ drive
L_00bfbad0 .functor BUFT 1, o00ba424c, C4<0>, C4<0>, C4<0>;
; Elide local net with no drivers, v00bc2a38_0 name=_s0
v00bc2aa8_0 .net *"_s11", 0 0, L_00bfb760;  1 drivers
; Elide local net with no drivers, v00bc2b18_0 name=_s12
v00bc2ba0_0 .net *"_s22", 0 0, L_00bfb7f0;  1 drivers
v00bc2c10_0 .net *"_s23", 0 0, L_00bfb848;  1 drivers
L_00bc34c0 .functor BUFT 1, C4<0000>, C4<0>, C4<0>, C4<0>;
v00bc2c90_0 .net/2u *"_s6", 3 0, L_00bc34c0;  1 drivers
v00bc2d00_0 .net *"_s8", 0 0, L_00bfb6d0;  1 drivers
v00bc2d70_0 .net8 "cs", 0 0, RS_00ba4084;  alias, 2 drivers
v00bc2dc8_0 .var "data", 7 0;
v00bc2e68_0 .net "miso", 0 0, o00ba40b4;  alias, 0 drivers
v00bc2ec0_0 .net8 "mosi", 0 0, RS_00ba40cc;  alias, 2 drivers
v00bc2f18_0 .var "out", 0 0;
o00ba42f4 .functor BUFZ 8, C4<zzzzzzzz>; HiZ drive
v00bc2f70_0 .net "p_data_in", 7 0, o00ba42f4;  0 drivers
v00bc2fc8_0 .net "p_data_out", 7 0, L_00bfb688;  1 drivers
L_00bc34e8 .functor BUFT 1, C4<0>, C4<0>, C4<0>, C4<0>;
v00bc3038_0 .net "p_master", 0 0, L_00bc34e8;  1 drivers
v00bc30a8_0 .var "ptr", 3 0;
v00bc3118_0 .net "sck", 0 0, v00bc3200_0;  alias, 1 drivers
E_00bc2a10 .event negedge, L_00bfb848;
L_00bfb6d0 .cmp/eq 4, v00bc30a8_0, L_00bc34c0;
L_00bfb760 .reduce/nor L_00bfb6d0;
L_00bfb7f0 .reduce/nor L_00bc34e8;
    .scope S_003ed778;
T_0 ;
    %wait E_003ec110;
    %load/vec4 v00bc2718_0;
    %flag_set/vec4 8;
    %jmp/0xz  T_0.0, 8;
    %load/vec4 v00bc2430_0;
    %ix/getv 4, v00bc2788_0;
    %shiftr 4;
    %pad/u 1;
    %store/vec4 v00bc25c8_0, 0, 1;
    %load/vec4 v00bc2788_0;
    %addi 1, 0, 4;
    %store/vec4 v00bc2788_0, 0, 4;
    %load/vec4 v00bc2788_0;
    %cmpi/e 9, 0, 4;
    %jmp/0xz  T_0.2, 4;
    %pushi/vec4 0, 0, 4;
    %store/vec4 v00bc2788_0, 0, 4;
T_0.2 ;
T_0.0 ;
    %jmp T_0;
    .thread T_0;
    .scope S_003ed778;
T_1 ;
    %wait E_003ec0e8;
    %load/vec4 v00bc2718_0;
    %nor/r;
    %load/vec4 v00bc23c0_0;
    %and;
    %flag_set/vec4 8;
    %jmp/0xz  T_1.0, 8;
    %load/vec4 v00bc2788_0;
    %pad/u 32;
    %cmpi/u 8, 0, 32;
    %jmp/0xz  T_1.2, 5;
    %load/vec4 v00bc2510_0;
    %ix/getv 4, v00bc2788_0;
    %store/vec4 v00bc2430_0, 4, 1;
    %load/vec4 v00bc2788_0;
    %addi 1, 0, 4;
    %store/vec4 v00bc2788_0, 0, 4;
T_1.2 ;
T_1.0 ;
    %load/vec4 v00bc23c0_0;
    %nor/r;
    %load/vec4 v00bc2718_0;
    %and;
    %flag_set/vec4 8;
    %jmp/0xz  T_1.4, 8;
    %load/vec4 v00bc2638_0;
    %assign/vec4 v00bc2430_0, 0;
T_1.4 ;
    %jmp T_1;
    .thread T_1;
    .scope S_003ed778;
T_2 ;
    %wait E_003ea978;
    %pushi/vec4 0, 0, 8;
    %assign/vec4 v00bc2430_0, 0;
    %pushi/vec4 0, 0, 4;
    %assign/vec4 v00bc2788_0, 0;
    %pushi/vec4 0, 1, 1;
    %assign/vec4 v00bc25c8_0, 0;
    %jmp T_2;
    .thread T_2;
    .scope S_00bc2910;
T_3 ;
    %wait E_003ec110;
    %load/vec4 v00bc3038_0;
    %flag_set/vec4 8;
    %jmp/0xz  T_3.0, 8;
    %load/vec4 v00bc2dc8_0;
    %ix/getv 4, v00bc30a8_0;
    %shiftr 4;
    %pad/u 1;
    %store/vec4 v00bc2f18_0, 0, 1;
    %load/vec4 v00bc30a8_0;
    %addi 1, 0, 4;
    %store/vec4 v00bc30a8_0, 0, 4;
    %load/vec4 v00bc30a8_0;
    %cmpi/e 9, 0, 4;
    %jmp/0xz  T_3.2, 4;
    %pushi/vec4 0, 0, 4;
    %store/vec4 v00bc30a8_0, 0, 4;
T_3.2 ;
T_3.0 ;
    %jmp T_3;
    .thread T_3;
    .scope S_00bc2910;
T_4 ;
    %wait E_003ec0e8;
    %load/vec4 v00bc3038_0;
    %nor/r;
    %load/vec4 v00bc2d70_0;
    %and;
    %flag_set/vec4 8;
    %jmp/0xz  T_4.0, 8;
    %load/vec4 v00bc30a8_0;
    %pad/u 32;
    %cmpi/u 8, 0, 32;
    %jmp/0xz  T_4.2, 5;
    %load/vec4 v00bc2ec0_0;
    %ix/getv 4, v00bc30a8_0;
    %store/vec4 v00bc2dc8_0, 4, 1;
    %load/vec4 v00bc30a8_0;
    %addi 1, 0, 4;
    %store/vec4 v00bc30a8_0, 0, 4;
T_4.2 ;
T_4.0 ;
    %load/vec4 v00bc2d70_0;
    %nor/r;
    %load/vec4 v00bc3038_0;
    %and;
    %flag_set/vec4 8;
    %jmp/0xz  T_4.4, 8;
    %load/vec4 v00bc2f70_0;
    %assign/vec4 v00bc2dc8_0, 0;
T_4.4 ;
    %jmp T_4;
    .thread T_4;
    .scope S_00bc2910;
T_5 ;
    %wait E_00bc2a10;
    %pushi/vec4 0, 0, 8;
    %assign/vec4 v00bc2dc8_0, 0;
    %pushi/vec4 0, 0, 4;
    %assign/vec4 v00bc30a8_0, 0;
    %pushi/vec4 0, 1, 1;
    %assign/vec4 v00bc2f18_0, 0;
    %jmp T_5;
    .thread T_5;
    .scope S_003ed6a8;
T_6 ;
    %vpi_call 2 14 "$dumpfile", "out.vcd" {0 0 0};
    %vpi_call 2 15 "$dumpvars", 32'sb00000000000000000000000000000000, S_003ed6a8 {0 0 0};
    %pushi/vec4 0, 0, 1;
    %store/vec4 v00bc3200_0, 0, 1;
    %pushi/vec4 0, 0, 1;
    %store/vec4 v00bc33e8_0, 0, 1;
    %delay 2000, 0;
    %pushi/vec4 0, 0, 1;
    %store/vec4 v00bc33e8_0, 0, 1;
    %delay 3000, 0;
    %pushi/vec4 1, 0, 1;
    %store/vec4 v00bc33e8_0, 0, 1;
    %delay 496000, 0;
    %pushi/vec4 0, 0, 1;
    %store/vec4 v00bc33e8_0, 0, 1;
    %delay 500000, 0;
    %vpi_call 2 22 "$finish" {0 0 0};
    %end;
    .thread T_6;
    .scope S_003ed6a8;
T_7 ;
    %delay 2000, 0;
    %load/vec4 v00bc3200_0;
    %inv;
    %store/vec4 v00bc3200_0, 0, 1;
    %jmp T_7;
    .thread T_7;
# The file index is used to find the file name in the following table.
:file_names 4;
    "N/A";
    "<interactive>";
    "testbench.v";
    "spi.v";
