#! c:/iverilog-x86/bin/vvp
:ivl_version "10.0 (stable)" "(v10_0)";
:ivl_delay_selection "TYPICAL";
:vpi_time_precision - 12;
:vpi_module "system";
:vpi_module "vhdl_sys";
:vpi_module "v2005_math";
:vpi_module "va_math";
S_003edda0 .scope module, "spi_testbench" "spi_testbench" 2 3;
 .timescale -9 -12;
v00bc3928_0 .var "clock", 0 0;
RS_00ba4084 .resolv tri, L_00bfc138, L_00bfc268;
v00bc3980_0 .net8 "cs", 0 0, RS_00ba4084;  2 drivers
o00ba40b4 .functor BUFZ 1, C4<z>; HiZ drive
v00bc39d8_0 .net "miso", 0 0, o00ba40b4;  0 drivers
RS_00ba40cc .resolv tri, v00bc2ce8_0, L_00bfc1b8;
v00bc3a80_0 .net8 "mosi", 0 0, RS_00ba40cc;  2 drivers
v00bc3b10_0 .var "reset", 0 0;
v00bc3b68_0 .var "shutdown", 0 0;
E_003e6968 .event posedge, v00bc3b68_0;
S_003ede70 .scope module, "spi_m" "spi_module" 2 37, 3 2 0, S_003edda0;
 .timescale 0 0;
    .port_info 0 /INPUT 1 "sck"
    .port_info 1 /INOUT 1 "cs"
    .port_info 2 /INOUT 1 "mosi"
    .port_info 3 /INOUT 1 "miso"
    .port_info 4 /INPUT 1 "p_master"
    .port_info 5 /INPUT 8 "p_data_in"
    .port_info 6 /OUTPUT 8 "p_data_out"
L_00bc3548 .functor BUFZ 8, v00bc2b50_0, C4<00000000>, C4<00000000>, C4<00000000>;
L_00bebd60 .functor AND 1, RS_00ba4084, L_00bebd08, C4<1>, C4<1>;
L_00bfc138 .functor BUFT 1, L_00bebc78, C4<0>, C4<0>, C4<0>;
v003e98f8_0 .net *"_s11", 0 0, L_00bebc78;  1 drivers
v003e7bc8_0 .net *"_s22", 0 0, L_00bebd08;  1 drivers
v00ba3e50_0 .net *"_s23", 0 0, L_00bebd60;  1 drivers
L_00bc3be0 .functor BUFT 1, C4<0000>, C4<0>, C4<0>, C4<0>;
v003ea880_0 .net/2u *"_s6", 3 0, L_00bc3be0;  1 drivers
v00bc2a60_0 .net *"_s8", 0 0, L_00bebbe8;  1 drivers
v00bc2ae0_0 .net8 "cs", 0 0, RS_00ba4084;  alias, 2 drivers
v00bc2b50_0 .var "data", 7 0;
v00bc2bc0_0 .net "miso", 0 0, o00ba40b4;  alias, 0 drivers
v00bc2c30_0 .net8 "mosi", 0 0, RS_00ba40cc;  alias, 2 drivers
v00bc2ce8_0 .var "out", 0 0;
L_00bc3c30 .functor BUFT 1, C4<11101001>, C4<0>, C4<0>, C4<0>;
v00bc2d58_0 .net "p_data_in", 7 0, L_00bc3c30;  1 drivers
v00bc2dc8_0 .net "p_data_out", 7 0, L_00bc3548;  1 drivers
L_00bc3c08 .functor BUFT 1, C4<1>, C4<0>, C4<0>, C4<0>;
v00bc2e38_0 .net "p_master", 0 0, L_00bc3c08;  1 drivers
v00bc2ea8_0 .var "ptr", 3 0;
v00bc2f18_0 .net "sck", 0 0, v00bc3928_0;  1 drivers
E_003ec5d8 .event negedge, L_00bebd60;
E_003ec600 .event posedge, v00bc2f18_0;
E_003ea6b0 .event negedge, v00bc2f18_0;
L_00bebbe8 .cmp/eq 4, v00bc2ea8_0, L_00bc3be0;
L_00bebc78 .reduce/nor L_00bebbe8;
L_00bebd08 .reduce/nor L_00bc3c08;
S_00bc3038 .scope module, "spi_s" "spi_module" 2 38, 3 2 0, S_003edda0;
 .timescale 0 0;
    .port_info 0 /INPUT 1 "sck"
    .port_info 1 /INOUT 1 "cs"
    .port_info 2 /INOUT 1 "mosi"
    .port_info 3 /INOUT 1 "miso"
    .port_info 4 /INPUT 1 "p_master"
    .port_info 5 /INPUT 8 "p_data_in"
    .port_info 6 /OUTPUT 8 "p_data_out"
L_00bfbe20 .functor BUFZ 8, v00bc34f0_0, C4<00000000>, C4<00000000>, C4<00000000>;
L_00bfbfe0 .functor AND 1, RS_00ba4084, L_00bfbf88, C4<1>, C4<1>;
o00ba421c .functor BUFZ 1, C4<z>; HiZ drive
L_00bfc1b8 .functor BUFT 1, o00ba421c, C4<0>, C4<0>, C4<0>;
o00ba424c .functor BUFZ 1, C4<z>; HiZ drive
L_00bfc268 .functor BUFT 1, o00ba424c, C4<0>, C4<0>, C4<0>;
; Elide local net with no drivers, v00bc3160_0 name=_s0
v00bc31d0_0 .net *"_s11", 0 0, L_00bfbef8;  1 drivers
; Elide local net with no drivers, v00bc3240_0 name=_s12
v00bc32c8_0 .net *"_s22", 0 0, L_00bfbf88;  1 drivers
v00bc3338_0 .net *"_s23", 0 0, L_00bfbfe0;  1 drivers
L_00bc3c58 .functor BUFT 1, C4<0000>, C4<0>, C4<0>, C4<0>;
v00bc33b8_0 .net/2u *"_s6", 3 0, L_00bc3c58;  1 drivers
v00bc3428_0 .net *"_s8", 0 0, L_00bfbe68;  1 drivers
v00bc3498_0 .net8 "cs", 0 0, RS_00ba4084;  alias, 2 drivers
v00bc34f0_0 .var "data", 7 0;
v00bc3590_0 .net "miso", 0 0, o00ba40b4;  alias, 0 drivers
v00bc35e8_0 .net8 "mosi", 0 0, RS_00ba40cc;  alias, 2 drivers
v00bc3640_0 .var "out", 0 0;
o00ba42f4 .functor BUFZ 8, C4<zzzzzzzz>; HiZ drive
v00bc3698_0 .net "p_data_in", 7 0, o00ba42f4;  0 drivers
v00bc36f0_0 .net "p_data_out", 7 0, L_00bfbe20;  1 drivers
L_00bc3c80 .functor BUFT 1, C4<0>, C4<0>, C4<0>, C4<0>;
v00bc3760_0 .net "p_master", 0 0, L_00bc3c80;  1 drivers
v00bc37d0_0 .var "ptr", 3 0;
v00bc3840_0 .net "sck", 0 0, v00bc3928_0;  alias, 1 drivers
E_00bc3138 .event negedge, L_00bfbfe0;
L_00bfbe68 .cmp/eq 4, v00bc37d0_0, L_00bc3c58;
L_00bfbef8 .reduce/nor L_00bfbe68;
L_00bfbf88 .reduce/nor L_00bc3c80;
    .scope S_003ede70;
T_0 ;
    %wait E_003ea6b0;
    %load/vec4 v00bc2e38_0;
    %flag_set/vec4 8;
    %jmp/0xz  T_0.0, 8;
    %load/vec4 v00bc2b50_0;
    %ix/getv 4, v00bc2ea8_0;
    %shiftr 4;
    %pad/u 1;
    %store/vec4 v00bc2ce8_0, 0, 1;
    %load/vec4 v00bc2ea8_0;
    %addi 1, 0, 4;
    %store/vec4 v00bc2ea8_0, 0, 4;
    %load/vec4 v00bc2ea8_0;
    %cmpi/e 9, 0, 4;
    %jmp/0xz  T_0.2, 4;
    %pushi/vec4 0, 0, 4;
    %store/vec4 v00bc2ea8_0, 0, 4;
T_0.2 ;
T_0.0 ;
    %jmp T_0;
    .thread T_0;
    .scope S_003ede70;
T_1 ;
    %wait E_003ec600;
    %load/vec4 v00bc2e38_0;
    %nor/r;
    %load/vec4 v00bc2ae0_0;
    %and;
    %flag_set/vec4 8;
    %jmp/0xz  T_1.0, 8;
    %load/vec4 v00bc2ea8_0;
    %pad/u 32;
    %cmpi/u 8, 0, 32;
    %jmp/0xz  T_1.2, 5;
    %load/vec4 v00bc2c30_0;
    %ix/getv 4, v00bc2ea8_0;
    %store/vec4 v00bc2b50_0, 4, 1;
    %load/vec4 v00bc2ea8_0;
    %addi 1, 0, 4;
    %store/vec4 v00bc2ea8_0, 0, 4;
T_1.2 ;
T_1.0 ;
    %load/vec4 v00bc2ae0_0;
    %nor/r;
    %load/vec4 v00bc2e38_0;
    %and;
    %flag_set/vec4 8;
    %jmp/0xz  T_1.4, 8;
    %load/vec4 v00bc2d58_0;
    %assign/vec4 v00bc2b50_0, 0;
T_1.4 ;
    %jmp T_1;
    .thread T_1;
    .scope S_003ede70;
T_2 ;
    %wait E_003ec5d8;
    %pushi/vec4 0, 0, 8;
    %assign/vec4 v00bc2b50_0, 0;
    %pushi/vec4 0, 0, 4;
    %assign/vec4 v00bc2ea8_0, 0;
    %pushi/vec4 0, 1, 1;
    %assign/vec4 v00bc2ce8_0, 0;
    %jmp T_2;
    .thread T_2;
    .scope S_00bc3038;
T_3 ;
    %wait E_003ea6b0;
    %load/vec4 v00bc3760_0;
    %flag_set/vec4 8;
    %jmp/0xz  T_3.0, 8;
    %load/vec4 v00bc34f0_0;
    %ix/getv 4, v00bc37d0_0;
    %shiftr 4;
    %pad/u 1;
    %store/vec4 v00bc3640_0, 0, 1;
    %load/vec4 v00bc37d0_0;
    %addi 1, 0, 4;
    %store/vec4 v00bc37d0_0, 0, 4;
    %load/vec4 v00bc37d0_0;
    %cmpi/e 9, 0, 4;
    %jmp/0xz  T_3.2, 4;
    %pushi/vec4 0, 0, 4;
    %store/vec4 v00bc37d0_0, 0, 4;
T_3.2 ;
T_3.0 ;
    %jmp T_3;
    .thread T_3;
    .scope S_00bc3038;
T_4 ;
    %wait E_003ec600;
    %load/vec4 v00bc3760_0;
    %nor/r;
    %load/vec4 v00bc3498_0;
    %and;
    %flag_set/vec4 8;
    %jmp/0xz  T_4.0, 8;
    %load/vec4 v00bc37d0_0;
    %pad/u 32;
    %cmpi/u 8, 0, 32;
    %jmp/0xz  T_4.2, 5;
    %load/vec4 v00bc35e8_0;
    %ix/getv 4, v00bc37d0_0;
    %store/vec4 v00bc34f0_0, 4, 1;
    %load/vec4 v00bc37d0_0;
    %addi 1, 0, 4;
    %store/vec4 v00bc37d0_0, 0, 4;
T_4.2 ;
T_4.0 ;
    %load/vec4 v00bc3498_0;
    %nor/r;
    %load/vec4 v00bc3760_0;
    %and;
    %flag_set/vec4 8;
    %jmp/0xz  T_4.4, 8;
    %load/vec4 v00bc3698_0;
    %assign/vec4 v00bc34f0_0, 0;
T_4.4 ;
    %jmp T_4;
    .thread T_4;
    .scope S_00bc3038;
T_5 ;
    %wait E_00bc3138;
    %pushi/vec4 0, 0, 8;
    %assign/vec4 v00bc34f0_0, 0;
    %pushi/vec4 0, 0, 4;
    %assign/vec4 v00bc37d0_0, 0;
    %pushi/vec4 0, 1, 1;
    %assign/vec4 v00bc3640_0, 0;
    %jmp T_5;
    .thread T_5;
    .scope S_003edda0;
T_6 ;
    %vpi_call 2 14 "$dumpfile", "out.vcd" {0 0 0};
    %vpi_call 2 15 "$dumpvars", 32'sb00000000000000000000000000000000, S_003edda0 {0 0 0};
    %pushi/vec4 0, 0, 1;
    %store/vec4 v00bc3928_0, 0, 1;
    %pushi/vec4 0, 0, 1;
    %store/vec4 v00bc3b10_0, 0, 1;
    %delay 2000, 0;
    %pushi/vec4 0, 0, 1;
    %store/vec4 v00bc3b10_0, 0, 1;
    %delay 3000, 0;
    %pushi/vec4 1, 0, 1;
    %store/vec4 v00bc3b10_0, 0, 1;
    %delay 496000, 0;
    %pushi/vec4 0, 0, 1;
    %store/vec4 v00bc3b10_0, 0, 1;
    %delay 500000, 0;
    %pushi/vec4 1, 0, 1;
    %store/vec4 v00bc3b68_0, 0, 1;
    %end;
    .thread T_6;
    .scope S_003edda0;
T_7 ;
    %delay 2000, 0;
    %load/vec4 v00bc3928_0;
    %inv;
    %store/vec4 v00bc3928_0, 0, 1;
    %jmp T_7;
    .thread T_7;
    .scope S_003edda0;
T_8 ;
    %wait E_003e6968;
    %vpi_call 2 33 "$finish" {0 0 0};
    %jmp T_8;
    .thread T_8;
# The file index is used to find the file name in the following table.
:file_names 4;
    "N/A";
    "<interactive>";
    "testbench.v";
    "spi.v";
